Analysis & Synthesis report for TopLevel
Sat Mar 20 11:11:32 2021
Quartus Prime Version 18.1.0 Build 625 09/12/2018 SJ Lite Edition


---------------------
; Table of Contents ;
---------------------
  1. Legal Notice
  2. Analysis & Synthesis Summary
  3. Analysis & Synthesis Settings
  4. Parallel Compilation
  5. Analysis & Synthesis Source Files Read
  6. Analysis & Synthesis Resource Usage Summary
  7. Analysis & Synthesis Resource Utilization by Entity
  8. Registers Removed During Synthesis
  9. Removed Registers Triggering Further Register Optimizations
 10. General Register Statistics
 11. Multiplexer Restructuring Statistics (Restructuring Performed)
 12. Parameter Settings for User Entity Instance: InstROM:InstROM1
 13. Parameter Settings for User Entity Instance: RegFile:RF1
 14. Post-Synthesis Netlist Statistics for Top Partition
 15. Elapsed Time Per Partition
 16. Analysis & Synthesis Messages



----------------
; Legal Notice ;
----------------
Copyright (C) 2018  Intel Corporation. All rights reserved.
Your use of Intel Corporation's design tools, logic functions 
and other software and tools, and its AMPP partner logic 
functions, and any output files from any of the foregoing 
(including device programming or simulation files), and any 
associated documentation or information are expressly subject 
to the terms and conditions of the Intel Program License 
Subscription Agreement, the Intel Quartus Prime License Agreement,
the Intel FPGA IP License Agreement, or other applicable license
agreement, including, without limitation, that your use is for
the sole purpose of programming logic devices manufactured by
Intel and sold by Intel or its authorized distributors.  Please
refer to the applicable agreement for further details.



+---------------------------------------------------------------------------------+
; Analysis & Synthesis Summary                                                    ;
+-----------------------------------+---------------------------------------------+
; Analysis & Synthesis Status       ; Successful - Sat Mar 20 11:11:32 2021       ;
; Quartus Prime Version             ; 18.1.0 Build 625 09/12/2018 SJ Lite Edition ;
; Revision Name                     ; TopLevel                                    ;
; Top-level Entity Name             ; TopLevel                                    ;
; Family                            ; Arria II GX                                 ;
; Logic utilization                 ; N/A                                         ;
;     Combinational ALUTs           ; 1,241                                       ;
;     Memory ALUTs                  ; 0                                           ;
;     Dedicated logic registers     ; 2,098                                       ;
; Total registers                   ; 2098                                        ;
; Total pins                        ; 4                                           ;
; Total virtual pins                ; 0                                           ;
; Total block memory bits           ; 0                                           ;
; DSP block 18-bit elements         ; 0                                           ;
; Total GXB Receiver Channel PCS    ; 0                                           ;
; Total GXB Receiver Channel PMA    ; 0                                           ;
; Total GXB Transmitter Channel PCS ; 0                                           ;
; Total GXB Transmitter Channel PMA ; 0                                           ;
; Total PLLs                        ; 0                                           ;
; Total DLLs                        ; 0                                           ;
+-----------------------------------+---------------------------------------------+


+---------------------------------------------------------------------------------------------------------------------------+
; Analysis & Synthesis Settings                                                                                             ;
+---------------------------------------------------------------------------------+--------------------+--------------------+
; Option                                                                          ; Setting            ; Default Value      ;
+---------------------------------------------------------------------------------+--------------------+--------------------+
; Top-level entity name                                                           ; TopLevel           ; TopLevel           ;
; Family name                                                                     ; Arria II GX        ; Cyclone V          ;
; Use smart compilation                                                           ; Off                ; Off                ;
; Enable parallel Assembler and Timing Analyzer during compilation                ; On                 ; On                 ;
; Enable compact report table                                                     ; Off                ; Off                ;
; Restructure Multiplexers                                                        ; Auto               ; Auto               ;
; MLAB Add Timing Constraints For Mixed-Port Feed-Through Mode Setting Don't Care ; Off                ; Off                ;
; Create Debugging Nodes for IP Cores                                             ; Off                ; Off                ;
; Preserve fewer node names                                                       ; On                 ; On                 ;
; Intel FPGA IP Evaluation Mode                                                   ; Enable             ; Enable             ;
; Verilog Version                                                                 ; Verilog_2001       ; Verilog_2001       ;
; VHDL Version                                                                    ; VHDL_1993          ; VHDL_1993          ;
; State Machine Processing                                                        ; Auto               ; Auto               ;
; Safe State Machine                                                              ; Off                ; Off                ;
; Extract Verilog State Machines                                                  ; On                 ; On                 ;
; Extract VHDL State Machines                                                     ; On                 ; On                 ;
; Ignore Verilog initial constructs                                               ; Off                ; Off                ;
; Iteration limit for constant Verilog loops                                      ; 5000               ; 5000               ;
; Iteration limit for non-constant Verilog loops                                  ; 250                ; 250                ;
; Add Pass-Through Logic to Inferred RAMs                                         ; On                 ; On                 ;
; Infer RAMs from Raw Logic                                                       ; On                 ; On                 ;
; Parallel Synthesis                                                              ; On                 ; On                 ;
; DSP Block Balancing                                                             ; Auto               ; Auto               ;
; NOT Gate Push-Back                                                              ; On                 ; On                 ;
; Power-Up Don't Care                                                             ; On                 ; On                 ;
; Remove Redundant Logic Cells                                                    ; Off                ; Off                ;
; Remove Duplicate Registers                                                      ; On                 ; On                 ;
; Ignore CARRY Buffers                                                            ; Off                ; Off                ;
; Ignore CASCADE Buffers                                                          ; Off                ; Off                ;
; Ignore GLOBAL Buffers                                                           ; Off                ; Off                ;
; Ignore ROW GLOBAL Buffers                                                       ; Off                ; Off                ;
; Ignore LCELL Buffers                                                            ; Off                ; Off                ;
; Ignore SOFT Buffers                                                             ; On                 ; On                 ;
; Limit AHDL Integers to 32 Bits                                                  ; Off                ; Off                ;
; Optimization Technique                                                          ; Balanced           ; Balanced           ;
; Carry Chain Length                                                              ; 70                 ; 70                 ;
; Auto Carry Chains                                                               ; On                 ; On                 ;
; Auto Open-Drain Pins                                                            ; On                 ; On                 ;
; Perform WYSIWYG Primitive Resynthesis                                           ; Off                ; Off                ;
; Auto ROM Replacement                                                            ; On                 ; On                 ;
; Auto RAM Replacement                                                            ; On                 ; On                 ;
; Auto DSP Block Replacement                                                      ; On                 ; On                 ;
; Auto Shift Register Replacement                                                 ; Auto               ; Auto               ;
; Allow Shift Register Merging across Hierarchies                                 ; Auto               ; Auto               ;
; Auto Clock Enable Replacement                                                   ; On                 ; On                 ;
; Strict RAM Replacement                                                          ; Off                ; Off                ;
; Allow Synchronous Control Signals                                               ; On                 ; On                 ;
; Force Use of Synchronous Clear Signals                                          ; Off                ; Off                ;
; Auto RAM Block Balancing                                                        ; On                 ; On                 ;
; Auto RAM to Logic Cell Conversion                                               ; Off                ; Off                ;
; Auto Resource Sharing                                                           ; Off                ; Off                ;
; Allow Any RAM Size For Recognition                                              ; Off                ; Off                ;
; Allow Any ROM Size For Recognition                                              ; Off                ; Off                ;
; Allow Any Shift Register Size For Recognition                                   ; Off                ; Off                ;
; Use LogicLock Constraints during Resource Balancing                             ; On                 ; On                 ;
; Ignore translate_off and synthesis_off directives                               ; Off                ; Off                ;
; Timing-Driven Synthesis                                                         ; On                 ; On                 ;
; Report Parameter Settings                                                       ; On                 ; On                 ;
; Report Source Assignments                                                       ; On                 ; On                 ;
; Report Connectivity Checks                                                      ; On                 ; On                 ;
; Ignore Maximum Fan-Out Assignments                                              ; Off                ; Off                ;
; Synchronization Register Chain Length                                           ; 3                  ; 3                  ;
; Power Optimization During Synthesis                                             ; Normal compilation ; Normal compilation ;
; HDL message level                                                               ; Level2             ; Level2             ;
; Suppress Register Optimization Related Messages                                 ; Off                ; Off                ;
; Number of Removed Registers Reported in Synthesis Report                        ; 5000               ; 5000               ;
; Number of Swept Nodes Reported in Synthesis Report                              ; 5000               ; 5000               ;
; Number of Inverted Registers Reported in Synthesis Report                       ; 100                ; 100                ;
; Clock MUX Protection                                                            ; On                 ; On                 ;
; Auto Gated Clock Conversion                                                     ; Off                ; Off                ;
; Block Design Naming                                                             ; Auto               ; Auto               ;
; SDC constraint protection                                                       ; Off                ; Off                ;
; Synthesis Effort                                                                ; Auto               ; Auto               ;
; Shift Register Replacement - Allow Asynchronous Clear Signal                    ; On                 ; On                 ;
; Pre-Mapping Resynthesis Optimization                                            ; Off                ; Off                ;
; Analysis & Synthesis Message Level                                              ; Medium             ; Medium             ;
; Disable Register Merging Across Hierarchies                                     ; Auto               ; Auto               ;
; Resource Aware Inference For Block RAM                                          ; On                 ; On                 ;
+---------------------------------------------------------------------------------+--------------------+--------------------+


+------------------------------------------+
; Parallel Compilation                     ;
+----------------------------+-------------+
; Processors                 ; Number      ;
+----------------------------+-------------+
; Number detected on machine ; 12          ;
; Maximum allowed            ; 6           ;
;                            ;             ;
; Average used               ; 1.00        ;
; Maximum used               ; 6           ;
;                            ;             ;
; Usage by Processor         ; % Time Used ;
;     Processor 1            ; 100.0%      ;
;     Processor 2            ;   0.0%      ;
;     Processor 3            ;   0.0%      ;
;     Processor 4            ;   0.0%      ;
;     Processor 5            ;   0.0%      ;
;     Processor 6            ;   0.0%      ;
+----------------------------+-------------+


+------------------------------------------------------------------------------------------------------------------------------------------------------+
; Analysis & Synthesis Source Files Read                                                                                                               ;
+----------------------------------+-----------------+------------------------------+--------------------------------------------------------+---------+
; File Name with User-Entered Path ; Used in Netlist ; File Type                    ; File Name with Absolute Path                           ; Library ;
+----------------------------------+-----------------+------------------------------+--------------------------------------------------------+---------+
; TopLevel.sv                      ; yes             ; User SystemVerilog HDL File  ; C:/Users/Xavie/Projects/CSE-141L/Lab2/TopLevel.sv      ;         ;
; RegFile.sv                       ; yes             ; User SystemVerilog HDL File  ; C:/Users/Xavie/Projects/CSE-141L/Lab2/RegFile.sv       ;         ;
; LUT_Imm.sv                       ; yes             ; User SystemVerilog HDL File  ; C:/Users/Xavie/Projects/CSE-141L/Lab2/LUT_Imm.sv       ;         ;
; LUT_Add.sv                       ; yes             ; User SystemVerilog HDL File  ; C:/Users/Xavie/Projects/CSE-141L/Lab2/LUT_Add.sv       ;         ;
; InstROM.sv                       ; yes             ; User SystemVerilog HDL File  ; C:/Users/Xavie/Projects/CSE-141L/Lab2/InstROM.sv       ;         ;
; InstFetch.sv                     ; yes             ; User SystemVerilog HDL File  ; C:/Users/Xavie/Projects/CSE-141L/Lab2/InstFetch.sv     ;         ;
; Definitions.sv                   ; yes             ; User SystemVerilog HDL File  ; C:/Users/Xavie/Projects/CSE-141L/Lab2/Definitions.sv   ;         ;
; DataMem.sv                       ; yes             ; User SystemVerilog HDL File  ; C:/Users/Xavie/Projects/CSE-141L/Lab2/DataMem.sv       ;         ;
; Ctrl.sv                          ; yes             ; User SystemVerilog HDL File  ; C:/Users/Xavie/Projects/CSE-141L/Lab2/Ctrl.sv          ;         ;
; ALU.sv                           ; yes             ; User SystemVerilog HDL File  ; C:/Users/Xavie/Projects/CSE-141L/Lab2/ALU.sv           ;         ;
; machine_code.txt                 ; yes             ; Auto-Found File              ; C:/Users/Xavie/Projects/CSE-141L/Lab2/machine_code.txt ;         ;
+----------------------------------+-----------------+------------------------------+--------------------------------------------------------+---------+


+-------------------------------------------------------------+
; Analysis & Synthesis Resource Usage Summary                 ;
+-----------------------------------------------+-------------+
; Resource                                      ; Usage       ;
+-----------------------------------------------+-------------+
; Estimated ALUTs Used                          ; 1241        ;
;     -- Combinational ALUTs                    ; 1241        ;
;     -- Memory ALUTs                           ; 0           ;
;     -- LUT_REGs                               ; 0           ;
; Dedicated logic registers                     ; 2098        ;
;                                               ;             ;
; Estimated ALUTs Unavailable                   ; 0           ;
;     -- Due to unpartnered combinational logic ; 0           ;
;     -- Due to Memory ALUTs                    ; 0           ;
;                                               ;             ;
; Total combinational functions                 ; 1241        ;
; Combinational ALUT usage by number of inputs  ;             ;
;     -- 7 input functions                      ; 0           ;
;     -- 6 input functions                      ; 733         ;
;     -- 5 input functions                      ; 45          ;
;     -- 4 input functions                      ; 137         ;
;     -- <=3 input functions                    ; 326         ;
;                                               ;             ;
; Combinational ALUTs by mode                   ;             ;
;     -- normal mode                            ; 1213        ;
;     -- extended LUT mode                      ; 0           ;
;     -- arithmetic mode                        ; 28          ;
;     -- shared arithmetic mode                 ; 0           ;
;                                               ;             ;
; Estimated ALUT/register pairs used            ; 3008        ;
;                                               ;             ;
; Total registers                               ; 2098        ;
;     -- Dedicated logic registers              ; 2098        ;
;     -- I/O registers                          ; 0           ;
;     -- LUT_REGs                               ; 0           ;
;                                               ;             ;
;                                               ;             ;
; I/O pins                                      ; 4           ;
;                                               ;             ;
; DSP block 18-bit elements                     ; 0           ;
;                                               ;             ;
; Maximum fan-out node                          ; Reset~input ;
; Maximum fan-out                               ; 2314        ;
; Total fan-out                                 ; 14481       ;
; Average fan-out                               ; 4.33        ;
+-----------------------------------------------+-------------+


+---------------------------------------------------------------------------------------------------------------------------------------------------------------------------------------------------------------------------------------------------+
; Analysis & Synthesis Resource Utilization by Entity                                                                                                                                                                                               ;
+----------------------------+---------------------+---------------------------+-------------------+--------------+---------+-----------+-----------+-----------+------+--------------+--------------------------------+-------------+--------------+
; Compilation Hierarchy Node ; Combinational ALUTs ; Dedicated Logic Registers ; Block Memory Bits ; DSP Elements ; DSP 9x9 ; DSP 12x12 ; DSP 18x18 ; DSP 36x36 ; Pins ; Virtual Pins ; Full Hierarchy Name            ; Entity Name ; Library Name ;
+----------------------------+---------------------+---------------------------+-------------------+--------------+---------+-----------+-----------+-----------+------+--------------+--------------------------------+-------------+--------------+
; |TopLevel                  ; 1241 (734)          ; 2098 (0)                  ; 0                 ; 0            ; 0       ; 0         ; 0         ; 0         ; 4    ; 0            ; |TopLevel                      ; TopLevel    ; work         ;
;    |ALU:ALU1|              ; 39 (39)             ; 0 (0)                     ; 0                 ; 0            ; 0       ; 0         ; 0         ; 0         ; 0    ; 0            ; |TopLevel|ALU:ALU1             ; ALU         ; work         ;
;    |Ctrl:Ctrl1|            ; 3 (3)               ; 0 (0)                     ; 0                 ; 0            ; 0       ; 0         ; 0         ; 0         ; 0    ; 0            ; |TopLevel|Ctrl:Ctrl1           ; Ctrl        ; work         ;
;    |DataMem:DM1|           ; 311 (311)           ; 2048 (2048)               ; 0                 ; 0            ; 0       ; 0         ; 0         ; 0         ; 0    ; 0            ; |TopLevel|DataMem:DM1          ; DataMem     ; work         ;
;    |InstFetch:InstFetch1|  ; 23 (23)             ; 10 (10)                   ; 0                 ; 0            ; 0       ; 0         ; 0         ; 0         ; 0    ; 0            ; |TopLevel|InstFetch:InstFetch1 ; InstFetch   ; work         ;
;    |InstROM:InstROM1|      ; 18 (18)             ; 0 (0)                     ; 0                 ; 0            ; 0       ; 0         ; 0         ; 0         ; 0    ; 0            ; |TopLevel|InstROM:InstROM1     ; InstROM     ; work         ;
;    |RegFile:RF1|           ; 113 (113)           ; 40 (40)                   ; 0                 ; 0            ; 0       ; 0         ; 0         ; 0         ; 0    ; 0            ; |TopLevel|RegFile:RF1          ; RegFile     ; work         ;
+----------------------------+---------------------+---------------------------+-------------------+--------------+---------+-----------+-----------+-----------+------+--------------+--------------------------------+-------------+--------------+
Note: For table entries with two numbers listed, the numbers in parentheses indicate the number of resources of the given type used by the specific entity alone. The numbers listed outside of parentheses indicate the total resources of the given type used by the specific entity and all of its sub-entities in the hierarchy.


+--------------------------------------------------------------------------------------+
; Registers Removed During Synthesis                                                   ;
+----------------------------------------+---------------------------------------------+
; Register name                          ; Reason for Removal                          ;
+----------------------------------------+---------------------------------------------+
; RegFile:RF1|Registers[2][6]            ; Stuck at GND due to stuck port clock_enable ;
; RegFile:RF1|Registers[4][6]            ; Stuck at GND due to stuck port clock_enable ;
; RegFile:RF1|Registers[5][6]            ; Stuck at GND due to stuck port clock_enable ;
; RegFile:RF1|Registers[7][6]            ; Stuck at GND due to stuck port clock_enable ;
; RegFile:RF1|Registers[12][6]           ; Stuck at GND due to stuck port clock_enable ;
; RegFile:RF1|Registers[13][6]           ; Stuck at GND due to stuck port clock_enable ;
; RegFile:RF1|Registers[14][6]           ; Stuck at GND due to stuck port clock_enable ;
; RegFile:RF1|Registers[8][6]            ; Stuck at GND due to stuck port clock_enable ;
; RegFile:RF1|Registers[9][6]            ; Stuck at GND due to stuck port clock_enable ;
; RegFile:RF1|Registers[10][6]           ; Stuck at GND due to stuck port clock_enable ;
; RegFile:RF1|Registers[11][6]           ; Stuck at GND due to stuck port clock_enable ;
; RegFile:RF1|Registers[2][7]            ; Stuck at GND due to stuck port clock_enable ;
; RegFile:RF1|Registers[4][7]            ; Stuck at GND due to stuck port clock_enable ;
; RegFile:RF1|Registers[5][7]            ; Stuck at GND due to stuck port clock_enable ;
; RegFile:RF1|Registers[7][7]            ; Stuck at GND due to stuck port clock_enable ;
; RegFile:RF1|Registers[12][7]           ; Stuck at GND due to stuck port clock_enable ;
; RegFile:RF1|Registers[13][7]           ; Stuck at GND due to stuck port clock_enable ;
; RegFile:RF1|Registers[14][7]           ; Stuck at GND due to stuck port clock_enable ;
; RegFile:RF1|Registers[8][7]            ; Stuck at GND due to stuck port clock_enable ;
; RegFile:RF1|Registers[9][7]            ; Stuck at GND due to stuck port clock_enable ;
; RegFile:RF1|Registers[10][7]           ; Stuck at GND due to stuck port clock_enable ;
; RegFile:RF1|Registers[11][7]           ; Stuck at GND due to stuck port clock_enable ;
; RegFile:RF1|Registers[2][0]            ; Stuck at GND due to stuck port clock_enable ;
; RegFile:RF1|Registers[4][0]            ; Stuck at GND due to stuck port clock_enable ;
; RegFile:RF1|Registers[5][0]            ; Stuck at GND due to stuck port clock_enable ;
; RegFile:RF1|Registers[7][0]            ; Stuck at GND due to stuck port clock_enable ;
; RegFile:RF1|Registers[12][0]           ; Stuck at GND due to stuck port clock_enable ;
; RegFile:RF1|Registers[13][0]           ; Stuck at GND due to stuck port clock_enable ;
; RegFile:RF1|Registers[14][0]           ; Stuck at GND due to stuck port clock_enable ;
; RegFile:RF1|Registers[8][0]            ; Stuck at GND due to stuck port clock_enable ;
; RegFile:RF1|Registers[9][0]            ; Stuck at GND due to stuck port clock_enable ;
; RegFile:RF1|Registers[10][0]           ; Stuck at GND due to stuck port clock_enable ;
; RegFile:RF1|Registers[11][0]           ; Stuck at GND due to stuck port clock_enable ;
; RegFile:RF1|Registers[2][1]            ; Stuck at GND due to stuck port clock_enable ;
; RegFile:RF1|Registers[4][1]            ; Stuck at GND due to stuck port clock_enable ;
; RegFile:RF1|Registers[5][1]            ; Stuck at GND due to stuck port clock_enable ;
; RegFile:RF1|Registers[7][1]            ; Stuck at GND due to stuck port clock_enable ;
; RegFile:RF1|Registers[12][1]           ; Stuck at GND due to stuck port clock_enable ;
; RegFile:RF1|Registers[13][1]           ; Stuck at GND due to stuck port clock_enable ;
; RegFile:RF1|Registers[14][1]           ; Stuck at GND due to stuck port clock_enable ;
; RegFile:RF1|Registers[8][1]            ; Stuck at GND due to stuck port clock_enable ;
; RegFile:RF1|Registers[9][1]            ; Stuck at GND due to stuck port clock_enable ;
; RegFile:RF1|Registers[10][1]           ; Stuck at GND due to stuck port clock_enable ;
; RegFile:RF1|Registers[11][1]           ; Stuck at GND due to stuck port clock_enable ;
; RegFile:RF1|Registers[2][4]            ; Stuck at GND due to stuck port clock_enable ;
; RegFile:RF1|Registers[4][4]            ; Stuck at GND due to stuck port clock_enable ;
; RegFile:RF1|Registers[5][4]            ; Stuck at GND due to stuck port clock_enable ;
; RegFile:RF1|Registers[7][4]            ; Stuck at GND due to stuck port clock_enable ;
; RegFile:RF1|Registers[12][4]           ; Stuck at GND due to stuck port clock_enable ;
; RegFile:RF1|Registers[13][4]           ; Stuck at GND due to stuck port clock_enable ;
; RegFile:RF1|Registers[14][4]           ; Stuck at GND due to stuck port clock_enable ;
; RegFile:RF1|Registers[8][4]            ; Stuck at GND due to stuck port clock_enable ;
; RegFile:RF1|Registers[9][4]            ; Stuck at GND due to stuck port clock_enable ;
; RegFile:RF1|Registers[10][4]           ; Stuck at GND due to stuck port clock_enable ;
; RegFile:RF1|Registers[11][4]           ; Stuck at GND due to stuck port clock_enable ;
; RegFile:RF1|Registers[2][3]            ; Stuck at GND due to stuck port clock_enable ;
; RegFile:RF1|Registers[4][3]            ; Stuck at GND due to stuck port clock_enable ;
; RegFile:RF1|Registers[5][3]            ; Stuck at GND due to stuck port clock_enable ;
; RegFile:RF1|Registers[7][3]            ; Stuck at GND due to stuck port clock_enable ;
; RegFile:RF1|Registers[12][3]           ; Stuck at GND due to stuck port clock_enable ;
; RegFile:RF1|Registers[13][3]           ; Stuck at GND due to stuck port clock_enable ;
; RegFile:RF1|Registers[14][3]           ; Stuck at GND due to stuck port clock_enable ;
; RegFile:RF1|Registers[8][3]            ; Stuck at GND due to stuck port clock_enable ;
; RegFile:RF1|Registers[9][3]            ; Stuck at GND due to stuck port clock_enable ;
; RegFile:RF1|Registers[10][3]           ; Stuck at GND due to stuck port clock_enable ;
; RegFile:RF1|Registers[11][3]           ; Stuck at GND due to stuck port clock_enable ;
; RegFile:RF1|Registers[2][2]            ; Stuck at GND due to stuck port clock_enable ;
; RegFile:RF1|Registers[4][2]            ; Stuck at GND due to stuck port clock_enable ;
; RegFile:RF1|Registers[5][2]            ; Stuck at GND due to stuck port clock_enable ;
; RegFile:RF1|Registers[7][2]            ; Stuck at GND due to stuck port clock_enable ;
; RegFile:RF1|Registers[12][2]           ; Stuck at GND due to stuck port clock_enable ;
; RegFile:RF1|Registers[13][2]           ; Stuck at GND due to stuck port clock_enable ;
; RegFile:RF1|Registers[14][2]           ; Stuck at GND due to stuck port clock_enable ;
; RegFile:RF1|Registers[8][2]            ; Stuck at GND due to stuck port clock_enable ;
; RegFile:RF1|Registers[9][2]            ; Stuck at GND due to stuck port clock_enable ;
; RegFile:RF1|Registers[10][2]           ; Stuck at GND due to stuck port clock_enable ;
; RegFile:RF1|Registers[11][2]           ; Stuck at GND due to stuck port clock_enable ;
; RegFile:RF1|Registers[2][5]            ; Stuck at GND due to stuck port clock_enable ;
; RegFile:RF1|Registers[4][5]            ; Stuck at GND due to stuck port clock_enable ;
; RegFile:RF1|Registers[5][5]            ; Stuck at GND due to stuck port clock_enable ;
; RegFile:RF1|Registers[7][5]            ; Stuck at GND due to stuck port clock_enable ;
; RegFile:RF1|Registers[12][5]           ; Stuck at GND due to stuck port clock_enable ;
; RegFile:RF1|Registers[13][5]           ; Stuck at GND due to stuck port clock_enable ;
; RegFile:RF1|Registers[14][5]           ; Stuck at GND due to stuck port clock_enable ;
; RegFile:RF1|Registers[8][5]            ; Stuck at GND due to stuck port clock_enable ;
; RegFile:RF1|Registers[9][5]            ; Stuck at GND due to stuck port clock_enable ;
; RegFile:RF1|Registers[10][5]           ; Stuck at GND due to stuck port clock_enable ;
; RegFile:RF1|Registers[11][5]           ; Stuck at GND due to stuck port clock_enable ;
; Total Number of Removed Registers = 88 ;                                             ;
+----------------------------------------+---------------------------------------------+


+----------------------------------------------------------------------------------------------------------------------------+
; Removed Registers Triggering Further Register Optimizations                                                                ;
+-----------------------------+--------------------------------+-------------------------------------------------------------+
; Register name               ; Reason for Removal             ; Registers Removed due to This Register                      ;
+-----------------------------+--------------------------------+-------------------------------------------------------------+
; RegFile:RF1|Registers[2][6] ; Stuck at GND                   ; RegFile:RF1|Registers[2][7], RegFile:RF1|Registers[4][7],   ;
;                             ; due to stuck port clock_enable ; RegFile:RF1|Registers[5][7], RegFile:RF1|Registers[7][7],   ;
;                             ;                                ; RegFile:RF1|Registers[12][7], RegFile:RF1|Registers[13][7], ;
;                             ;                                ; RegFile:RF1|Registers[14][7], RegFile:RF1|Registers[8][7],  ;
;                             ;                                ; RegFile:RF1|Registers[9][7], RegFile:RF1|Registers[10][7],  ;
;                             ;                                ; RegFile:RF1|Registers[11][7], RegFile:RF1|Registers[2][0],  ;
;                             ;                                ; RegFile:RF1|Registers[4][0], RegFile:RF1|Registers[5][0],   ;
;                             ;                                ; RegFile:RF1|Registers[7][0], RegFile:RF1|Registers[12][0],  ;
;                             ;                                ; RegFile:RF1|Registers[13][0], RegFile:RF1|Registers[14][0], ;
;                             ;                                ; RegFile:RF1|Registers[8][0], RegFile:RF1|Registers[9][0],   ;
;                             ;                                ; RegFile:RF1|Registers[10][0], RegFile:RF1|Registers[11][0], ;
;                             ;                                ; RegFile:RF1|Registers[2][1], RegFile:RF1|Registers[4][1],   ;
;                             ;                                ; RegFile:RF1|Registers[5][1], RegFile:RF1|Registers[7][1],   ;
;                             ;                                ; RegFile:RF1|Registers[12][1], RegFile:RF1|Registers[13][1], ;
;                             ;                                ; RegFile:RF1|Registers[14][1], RegFile:RF1|Registers[8][1],  ;
;                             ;                                ; RegFile:RF1|Registers[9][1], RegFile:RF1|Registers[10][1],  ;
;                             ;                                ; RegFile:RF1|Registers[11][1], RegFile:RF1|Registers[2][4],  ;
;                             ;                                ; RegFile:RF1|Registers[4][4], RegFile:RF1|Registers[5][4],   ;
;                             ;                                ; RegFile:RF1|Registers[7][4], RegFile:RF1|Registers[12][4],  ;
;                             ;                                ; RegFile:RF1|Registers[13][4], RegFile:RF1|Registers[14][4], ;
;                             ;                                ; RegFile:RF1|Registers[8][4], RegFile:RF1|Registers[9][4],   ;
;                             ;                                ; RegFile:RF1|Registers[10][4], RegFile:RF1|Registers[11][4], ;
;                             ;                                ; RegFile:RF1|Registers[2][3], RegFile:RF1|Registers[4][3],   ;
;                             ;                                ; RegFile:RF1|Registers[5][3], RegFile:RF1|Registers[7][3],   ;
;                             ;                                ; RegFile:RF1|Registers[12][3], RegFile:RF1|Registers[13][3], ;
;                             ;                                ; RegFile:RF1|Registers[14][3], RegFile:RF1|Registers[8][3],  ;
;                             ;                                ; RegFile:RF1|Registers[9][3], RegFile:RF1|Registers[10][3],  ;
;                             ;                                ; RegFile:RF1|Registers[11][3], RegFile:RF1|Registers[2][2],  ;
;                             ;                                ; RegFile:RF1|Registers[4][2], RegFile:RF1|Registers[5][2],   ;
;                             ;                                ; RegFile:RF1|Registers[7][2], RegFile:RF1|Registers[12][2],  ;
;                             ;                                ; RegFile:RF1|Registers[13][2], RegFile:RF1|Registers[14][2], ;
;                             ;                                ; RegFile:RF1|Registers[8][2], RegFile:RF1|Registers[9][2],   ;
;                             ;                                ; RegFile:RF1|Registers[10][2], RegFile:RF1|Registers[11][2], ;
;                             ;                                ; RegFile:RF1|Registers[2][5], RegFile:RF1|Registers[4][5],   ;
;                             ;                                ; RegFile:RF1|Registers[5][5], RegFile:RF1|Registers[7][5],   ;
;                             ;                                ; RegFile:RF1|Registers[12][5], RegFile:RF1|Registers[13][5], ;
;                             ;                                ; RegFile:RF1|Registers[14][5], RegFile:RF1|Registers[8][5],  ;
;                             ;                                ; RegFile:RF1|Registers[9][5], RegFile:RF1|Registers[10][5],  ;
;                             ;                                ; RegFile:RF1|Registers[11][5]                                ;
+-----------------------------+--------------------------------+-------------------------------------------------------------+


+------------------------------------------------------+
; General Register Statistics                          ;
+----------------------------------------------+-------+
; Statistic                                    ; Value ;
+----------------------------------------------+-------+
; Total registers                              ; 2098  ;
; Number of registers using Synchronous Clear  ; 2043  ;
; Number of registers using Synchronous Load   ; 16    ;
; Number of registers using Asynchronous Clear ; 0     ;
; Number of registers using Asynchronous Load  ; 0     ;
; Number of registers using Clock Enable       ; 2097  ;
; Number of registers using Preset             ; 0     ;
+----------------------------------------------+-------+


+---------------------------------------------------------------------------------------------------------------------------------------------------------+
; Multiplexer Restructuring Statistics (Restructuring Performed)                                                                                          ;
+--------------------+-----------+---------------+----------------------+------------------------+------------+-------------------------------------------+
; Multiplexer Inputs ; Bus Width ; Baseline Area ; Area if Restructured ; Saving if Restructured ; Registered ; Example Multiplexer Output                ;
+--------------------+-----------+---------------+----------------------+------------------------+------------+-------------------------------------------+
; 3:1                ; 8 bits    ; 16 ALUTs      ; 0 ALUTs              ; 16 ALUTs               ; Yes        ; |TopLevel|RegFile:RF1|Registers[0][4]     ;
; 3:1                ; 8 bits    ; 16 ALUTs      ; 0 ALUTs              ; 16 ALUTs               ; Yes        ; |TopLevel|RegFile:RF1|Registers[1][3]     ;
; 3:1                ; 8 bits    ; 16 ALUTs      ; 0 ALUTs              ; 16 ALUTs               ; Yes        ; |TopLevel|DataMem:DM1|Core[0][7]          ;
; 3:1                ; 8 bits    ; 16 ALUTs      ; 0 ALUTs              ; 16 ALUTs               ; Yes        ; |TopLevel|DataMem:DM1|Core[1][4]          ;
; 3:1                ; 8 bits    ; 16 ALUTs      ; 0 ALUTs              ; 16 ALUTs               ; Yes        ; |TopLevel|DataMem:DM1|Core[2][2]          ;
; 3:1                ; 8 bits    ; 16 ALUTs      ; 0 ALUTs              ; 16 ALUTs               ; Yes        ; |TopLevel|DataMem:DM1|Core[3][5]          ;
; 3:1                ; 8 bits    ; 16 ALUTs      ; 0 ALUTs              ; 16 ALUTs               ; Yes        ; |TopLevel|DataMem:DM1|Core[4][5]          ;
; 3:1                ; 8 bits    ; 16 ALUTs      ; 0 ALUTs              ; 16 ALUTs               ; Yes        ; |TopLevel|DataMem:DM1|Core[5][7]          ;
; 3:1                ; 8 bits    ; 16 ALUTs      ; 0 ALUTs              ; 16 ALUTs               ; Yes        ; |TopLevel|DataMem:DM1|Core[6][7]          ;
; 3:1                ; 8 bits    ; 16 ALUTs      ; 0 ALUTs              ; 16 ALUTs               ; Yes        ; |TopLevel|DataMem:DM1|Core[7][3]          ;
; 3:1                ; 8 bits    ; 16 ALUTs      ; 0 ALUTs              ; 16 ALUTs               ; Yes        ; |TopLevel|DataMem:DM1|Core[8][0]          ;
; 3:1                ; 8 bits    ; 16 ALUTs      ; 0 ALUTs              ; 16 ALUTs               ; Yes        ; |TopLevel|DataMem:DM1|Core[9][7]          ;
; 3:1                ; 8 bits    ; 16 ALUTs      ; 0 ALUTs              ; 16 ALUTs               ; Yes        ; |TopLevel|DataMem:DM1|Core[10][0]         ;
; 3:1                ; 8 bits    ; 16 ALUTs      ; 0 ALUTs              ; 16 ALUTs               ; Yes        ; |TopLevel|DataMem:DM1|Core[11][0]         ;
; 3:1                ; 8 bits    ; 16 ALUTs      ; 0 ALUTs              ; 16 ALUTs               ; Yes        ; |TopLevel|DataMem:DM1|Core[12][6]         ;
; 3:1                ; 8 bits    ; 16 ALUTs      ; 0 ALUTs              ; 16 ALUTs               ; Yes        ; |TopLevel|DataMem:DM1|Core[13][5]         ;
; 3:1                ; 8 bits    ; 16 ALUTs      ; 0 ALUTs              ; 16 ALUTs               ; Yes        ; |TopLevel|DataMem:DM1|Core[14][3]         ;
; 3:1                ; 8 bits    ; 16 ALUTs      ; 0 ALUTs              ; 16 ALUTs               ; Yes        ; |TopLevel|DataMem:DM1|Core[15][2]         ;
; 3:1                ; 7 bits    ; 14 ALUTs      ; 7 ALUTs              ; 7 ALUTs                ; Yes        ; |TopLevel|DataMem:DM1|Core[16][4]         ;
; 3:1                ; 8 bits    ; 16 ALUTs      ; 0 ALUTs              ; 16 ALUTs               ; Yes        ; |TopLevel|DataMem:DM1|Core[17][0]         ;
; 3:1                ; 8 bits    ; 16 ALUTs      ; 0 ALUTs              ; 16 ALUTs               ; Yes        ; |TopLevel|DataMem:DM1|Core[18][0]         ;
; 3:1                ; 8 bits    ; 16 ALUTs      ; 0 ALUTs              ; 16 ALUTs               ; Yes        ; |TopLevel|DataMem:DM1|Core[19][4]         ;
; 3:1                ; 8 bits    ; 16 ALUTs      ; 0 ALUTs              ; 16 ALUTs               ; Yes        ; |TopLevel|DataMem:DM1|Core[20][5]         ;
; 3:1                ; 8 bits    ; 16 ALUTs      ; 0 ALUTs              ; 16 ALUTs               ; Yes        ; |TopLevel|DataMem:DM1|Core[21][0]         ;
; 3:1                ; 8 bits    ; 16 ALUTs      ; 0 ALUTs              ; 16 ALUTs               ; Yes        ; |TopLevel|DataMem:DM1|Core[22][0]         ;
; 3:1                ; 8 bits    ; 16 ALUTs      ; 0 ALUTs              ; 16 ALUTs               ; Yes        ; |TopLevel|DataMem:DM1|Core[23][1]         ;
; 3:1                ; 8 bits    ; 16 ALUTs      ; 0 ALUTs              ; 16 ALUTs               ; Yes        ; |TopLevel|DataMem:DM1|Core[24][2]         ;
; 3:1                ; 8 bits    ; 16 ALUTs      ; 0 ALUTs              ; 16 ALUTs               ; Yes        ; |TopLevel|DataMem:DM1|Core[25][1]         ;
; 3:1                ; 8 bits    ; 16 ALUTs      ; 0 ALUTs              ; 16 ALUTs               ; Yes        ; |TopLevel|DataMem:DM1|Core[26][6]         ;
; 3:1                ; 8 bits    ; 16 ALUTs      ; 0 ALUTs              ; 16 ALUTs               ; Yes        ; |TopLevel|DataMem:DM1|Core[27][4]         ;
; 3:1                ; 8 bits    ; 16 ALUTs      ; 0 ALUTs              ; 16 ALUTs               ; Yes        ; |TopLevel|DataMem:DM1|Core[28][7]         ;
; 3:1                ; 8 bits    ; 16 ALUTs      ; 0 ALUTs              ; 16 ALUTs               ; Yes        ; |TopLevel|DataMem:DM1|Core[29][0]         ;
; 3:1                ; 8 bits    ; 16 ALUTs      ; 0 ALUTs              ; 16 ALUTs               ; Yes        ; |TopLevel|DataMem:DM1|Core[30][4]         ;
; 3:1                ; 8 bits    ; 16 ALUTs      ; 0 ALUTs              ; 16 ALUTs               ; Yes        ; |TopLevel|DataMem:DM1|Core[31][2]         ;
; 3:1                ; 8 bits    ; 16 ALUTs      ; 0 ALUTs              ; 16 ALUTs               ; Yes        ; |TopLevel|DataMem:DM1|Core[32][7]         ;
; 3:1                ; 8 bits    ; 16 ALUTs      ; 0 ALUTs              ; 16 ALUTs               ; Yes        ; |TopLevel|DataMem:DM1|Core[33][3]         ;
; 3:1                ; 8 bits    ; 16 ALUTs      ; 0 ALUTs              ; 16 ALUTs               ; Yes        ; |TopLevel|DataMem:DM1|Core[34][1]         ;
; 3:1                ; 8 bits    ; 16 ALUTs      ; 0 ALUTs              ; 16 ALUTs               ; Yes        ; |TopLevel|DataMem:DM1|Core[35][6]         ;
; 3:1                ; 8 bits    ; 16 ALUTs      ; 0 ALUTs              ; 16 ALUTs               ; Yes        ; |TopLevel|DataMem:DM1|Core[36][6]         ;
; 3:1                ; 8 bits    ; 16 ALUTs      ; 0 ALUTs              ; 16 ALUTs               ; Yes        ; |TopLevel|DataMem:DM1|Core[37][4]         ;
; 3:1                ; 8 bits    ; 16 ALUTs      ; 0 ALUTs              ; 16 ALUTs               ; Yes        ; |TopLevel|DataMem:DM1|Core[38][4]         ;
; 3:1                ; 8 bits    ; 16 ALUTs      ; 0 ALUTs              ; 16 ALUTs               ; Yes        ; |TopLevel|DataMem:DM1|Core[39][1]         ;
; 3:1                ; 8 bits    ; 16 ALUTs      ; 0 ALUTs              ; 16 ALUTs               ; Yes        ; |TopLevel|DataMem:DM1|Core[40][1]         ;
; 3:1                ; 8 bits    ; 16 ALUTs      ; 0 ALUTs              ; 16 ALUTs               ; Yes        ; |TopLevel|DataMem:DM1|Core[41][1]         ;
; 3:1                ; 8 bits    ; 16 ALUTs      ; 0 ALUTs              ; 16 ALUTs               ; Yes        ; |TopLevel|DataMem:DM1|Core[42][1]         ;
; 3:1                ; 8 bits    ; 16 ALUTs      ; 0 ALUTs              ; 16 ALUTs               ; Yes        ; |TopLevel|DataMem:DM1|Core[43][1]         ;
; 3:1                ; 8 bits    ; 16 ALUTs      ; 0 ALUTs              ; 16 ALUTs               ; Yes        ; |TopLevel|DataMem:DM1|Core[44][6]         ;
; 3:1                ; 8 bits    ; 16 ALUTs      ; 0 ALUTs              ; 16 ALUTs               ; Yes        ; |TopLevel|DataMem:DM1|Core[45][3]         ;
; 3:1                ; 8 bits    ; 16 ALUTs      ; 0 ALUTs              ; 16 ALUTs               ; Yes        ; |TopLevel|DataMem:DM1|Core[46][0]         ;
; 3:1                ; 8 bits    ; 16 ALUTs      ; 0 ALUTs              ; 16 ALUTs               ; Yes        ; |TopLevel|DataMem:DM1|Core[47][4]         ;
; 3:1                ; 8 bits    ; 16 ALUTs      ; 0 ALUTs              ; 16 ALUTs               ; Yes        ; |TopLevel|DataMem:DM1|Core[48][6]         ;
; 3:1                ; 8 bits    ; 16 ALUTs      ; 0 ALUTs              ; 16 ALUTs               ; Yes        ; |TopLevel|DataMem:DM1|Core[49][1]         ;
; 3:1                ; 8 bits    ; 16 ALUTs      ; 0 ALUTs              ; 16 ALUTs               ; Yes        ; |TopLevel|DataMem:DM1|Core[50][7]         ;
; 3:1                ; 8 bits    ; 16 ALUTs      ; 0 ALUTs              ; 16 ALUTs               ; Yes        ; |TopLevel|DataMem:DM1|Core[51][3]         ;
; 3:1                ; 8 bits    ; 16 ALUTs      ; 0 ALUTs              ; 16 ALUTs               ; Yes        ; |TopLevel|DataMem:DM1|Core[52][4]         ;
; 3:1                ; 8 bits    ; 16 ALUTs      ; 0 ALUTs              ; 16 ALUTs               ; Yes        ; |TopLevel|DataMem:DM1|Core[53][4]         ;
; 3:1                ; 8 bits    ; 16 ALUTs      ; 0 ALUTs              ; 16 ALUTs               ; Yes        ; |TopLevel|DataMem:DM1|Core[54][6]         ;
; 3:1                ; 8 bits    ; 16 ALUTs      ; 0 ALUTs              ; 16 ALUTs               ; Yes        ; |TopLevel|DataMem:DM1|Core[55][2]         ;
; 3:1                ; 8 bits    ; 16 ALUTs      ; 0 ALUTs              ; 16 ALUTs               ; Yes        ; |TopLevel|DataMem:DM1|Core[56][4]         ;
; 3:1                ; 8 bits    ; 16 ALUTs      ; 0 ALUTs              ; 16 ALUTs               ; Yes        ; |TopLevel|DataMem:DM1|Core[57][3]         ;
; 3:1                ; 8 bits    ; 16 ALUTs      ; 0 ALUTs              ; 16 ALUTs               ; Yes        ; |TopLevel|DataMem:DM1|Core[58][2]         ;
; 3:1                ; 8 bits    ; 16 ALUTs      ; 0 ALUTs              ; 16 ALUTs               ; Yes        ; |TopLevel|DataMem:DM1|Core[59][4]         ;
; 3:1                ; 8 bits    ; 16 ALUTs      ; 0 ALUTs              ; 16 ALUTs               ; Yes        ; |TopLevel|DataMem:DM1|Core[60][7]         ;
; 3:1                ; 8 bits    ; 16 ALUTs      ; 0 ALUTs              ; 16 ALUTs               ; Yes        ; |TopLevel|DataMem:DM1|Core[61][7]         ;
; 3:1                ; 8 bits    ; 16 ALUTs      ; 0 ALUTs              ; 16 ALUTs               ; Yes        ; |TopLevel|DataMem:DM1|Core[62][7]         ;
; 3:1                ; 8 bits    ; 16 ALUTs      ; 0 ALUTs              ; 16 ALUTs               ; Yes        ; |TopLevel|DataMem:DM1|Core[63][1]         ;
; 3:1                ; 8 bits    ; 16 ALUTs      ; 0 ALUTs              ; 16 ALUTs               ; Yes        ; |TopLevel|DataMem:DM1|Core[64][7]         ;
; 3:1                ; 8 bits    ; 16 ALUTs      ; 0 ALUTs              ; 16 ALUTs               ; Yes        ; |TopLevel|DataMem:DM1|Core[65][2]         ;
; 3:1                ; 8 bits    ; 16 ALUTs      ; 0 ALUTs              ; 16 ALUTs               ; Yes        ; |TopLevel|DataMem:DM1|Core[66][1]         ;
; 3:1                ; 8 bits    ; 16 ALUTs      ; 0 ALUTs              ; 16 ALUTs               ; Yes        ; |TopLevel|DataMem:DM1|Core[67][6]         ;
; 3:1                ; 8 bits    ; 16 ALUTs      ; 0 ALUTs              ; 16 ALUTs               ; Yes        ; |TopLevel|DataMem:DM1|Core[68][6]         ;
; 3:1                ; 8 bits    ; 16 ALUTs      ; 0 ALUTs              ; 16 ALUTs               ; Yes        ; |TopLevel|DataMem:DM1|Core[69][2]         ;
; 3:1                ; 8 bits    ; 16 ALUTs      ; 0 ALUTs              ; 16 ALUTs               ; Yes        ; |TopLevel|DataMem:DM1|Core[70][0]         ;
; 3:1                ; 8 bits    ; 16 ALUTs      ; 0 ALUTs              ; 16 ALUTs               ; Yes        ; |TopLevel|DataMem:DM1|Core[71][6]         ;
; 3:1                ; 8 bits    ; 16 ALUTs      ; 0 ALUTs              ; 16 ALUTs               ; Yes        ; |TopLevel|DataMem:DM1|Core[72][5]         ;
; 3:1                ; 8 bits    ; 16 ALUTs      ; 0 ALUTs              ; 16 ALUTs               ; Yes        ; |TopLevel|DataMem:DM1|Core[73][4]         ;
; 3:1                ; 8 bits    ; 16 ALUTs      ; 0 ALUTs              ; 16 ALUTs               ; Yes        ; |TopLevel|DataMem:DM1|Core[74][1]         ;
; 3:1                ; 8 bits    ; 16 ALUTs      ; 0 ALUTs              ; 16 ALUTs               ; Yes        ; |TopLevel|DataMem:DM1|Core[75][1]         ;
; 3:1                ; 8 bits    ; 16 ALUTs      ; 0 ALUTs              ; 16 ALUTs               ; Yes        ; |TopLevel|DataMem:DM1|Core[76][5]         ;
; 3:1                ; 8 bits    ; 16 ALUTs      ; 0 ALUTs              ; 16 ALUTs               ; Yes        ; |TopLevel|DataMem:DM1|Core[77][2]         ;
; 3:1                ; 8 bits    ; 16 ALUTs      ; 0 ALUTs              ; 16 ALUTs               ; Yes        ; |TopLevel|DataMem:DM1|Core[78][1]         ;
; 3:1                ; 8 bits    ; 16 ALUTs      ; 0 ALUTs              ; 16 ALUTs               ; Yes        ; |TopLevel|DataMem:DM1|Core[79][1]         ;
; 3:1                ; 8 bits    ; 16 ALUTs      ; 0 ALUTs              ; 16 ALUTs               ; Yes        ; |TopLevel|DataMem:DM1|Core[80][1]         ;
; 3:1                ; 8 bits    ; 16 ALUTs      ; 0 ALUTs              ; 16 ALUTs               ; Yes        ; |TopLevel|DataMem:DM1|Core[81][1]         ;
; 3:1                ; 8 bits    ; 16 ALUTs      ; 0 ALUTs              ; 16 ALUTs               ; Yes        ; |TopLevel|DataMem:DM1|Core[82][7]         ;
; 3:1                ; 8 bits    ; 16 ALUTs      ; 0 ALUTs              ; 16 ALUTs               ; Yes        ; |TopLevel|DataMem:DM1|Core[83][5]         ;
; 3:1                ; 8 bits    ; 16 ALUTs      ; 0 ALUTs              ; 16 ALUTs               ; Yes        ; |TopLevel|DataMem:DM1|Core[84][4]         ;
; 3:1                ; 8 bits    ; 16 ALUTs      ; 0 ALUTs              ; 16 ALUTs               ; Yes        ; |TopLevel|DataMem:DM1|Core[85][5]         ;
; 3:1                ; 8 bits    ; 16 ALUTs      ; 0 ALUTs              ; 16 ALUTs               ; Yes        ; |TopLevel|DataMem:DM1|Core[86][6]         ;
; 3:1                ; 8 bits    ; 16 ALUTs      ; 0 ALUTs              ; 16 ALUTs               ; Yes        ; |TopLevel|DataMem:DM1|Core[87][1]         ;
; 3:1                ; 8 bits    ; 16 ALUTs      ; 0 ALUTs              ; 16 ALUTs               ; Yes        ; |TopLevel|DataMem:DM1|Core[88][1]         ;
; 3:1                ; 8 bits    ; 16 ALUTs      ; 0 ALUTs              ; 16 ALUTs               ; Yes        ; |TopLevel|DataMem:DM1|Core[89][6]         ;
; 3:1                ; 8 bits    ; 16 ALUTs      ; 0 ALUTs              ; 16 ALUTs               ; Yes        ; |TopLevel|DataMem:DM1|Core[90][4]         ;
; 3:1                ; 8 bits    ; 16 ALUTs      ; 0 ALUTs              ; 16 ALUTs               ; Yes        ; |TopLevel|DataMem:DM1|Core[91][5]         ;
; 3:1                ; 8 bits    ; 16 ALUTs      ; 0 ALUTs              ; 16 ALUTs               ; Yes        ; |TopLevel|DataMem:DM1|Core[92][7]         ;
; 3:1                ; 8 bits    ; 16 ALUTs      ; 0 ALUTs              ; 16 ALUTs               ; Yes        ; |TopLevel|DataMem:DM1|Core[93][7]         ;
; 3:1                ; 8 bits    ; 16 ALUTs      ; 0 ALUTs              ; 16 ALUTs               ; Yes        ; |TopLevel|DataMem:DM1|Core[94][0]         ;
; 3:1                ; 8 bits    ; 16 ALUTs      ; 0 ALUTs              ; 16 ALUTs               ; Yes        ; |TopLevel|DataMem:DM1|Core[95][1]         ;
; 3:1                ; 8 bits    ; 16 ALUTs      ; 0 ALUTs              ; 16 ALUTs               ; Yes        ; |TopLevel|DataMem:DM1|Core[96][2]         ;
; 3:1                ; 8 bits    ; 16 ALUTs      ; 0 ALUTs              ; 16 ALUTs               ; Yes        ; |TopLevel|DataMem:DM1|Core[97][1]         ;
; 3:1                ; 8 bits    ; 16 ALUTs      ; 0 ALUTs              ; 16 ALUTs               ; Yes        ; |TopLevel|DataMem:DM1|Core[98][4]         ;
; 3:1                ; 8 bits    ; 16 ALUTs      ; 0 ALUTs              ; 16 ALUTs               ; Yes        ; |TopLevel|DataMem:DM1|Core[99][4]         ;
; 3:1                ; 8 bits    ; 16 ALUTs      ; 0 ALUTs              ; 16 ALUTs               ; Yes        ; |TopLevel|DataMem:DM1|Core[100][0]        ;
; 3:1                ; 8 bits    ; 16 ALUTs      ; 0 ALUTs              ; 16 ALUTs               ; Yes        ; |TopLevel|DataMem:DM1|Core[101][4]        ;
; 3:1                ; 8 bits    ; 16 ALUTs      ; 0 ALUTs              ; 16 ALUTs               ; Yes        ; |TopLevel|DataMem:DM1|Core[102][2]        ;
; 3:1                ; 8 bits    ; 16 ALUTs      ; 0 ALUTs              ; 16 ALUTs               ; Yes        ; |TopLevel|DataMem:DM1|Core[103][5]        ;
; 3:1                ; 8 bits    ; 16 ALUTs      ; 0 ALUTs              ; 16 ALUTs               ; Yes        ; |TopLevel|DataMem:DM1|Core[104][2]        ;
; 3:1                ; 8 bits    ; 16 ALUTs      ; 0 ALUTs              ; 16 ALUTs               ; Yes        ; |TopLevel|DataMem:DM1|Core[105][4]        ;
; 3:1                ; 8 bits    ; 16 ALUTs      ; 0 ALUTs              ; 16 ALUTs               ; Yes        ; |TopLevel|DataMem:DM1|Core[106][7]        ;
; 3:1                ; 8 bits    ; 16 ALUTs      ; 0 ALUTs              ; 16 ALUTs               ; Yes        ; |TopLevel|DataMem:DM1|Core[107][6]        ;
; 3:1                ; 8 bits    ; 16 ALUTs      ; 0 ALUTs              ; 16 ALUTs               ; Yes        ; |TopLevel|DataMem:DM1|Core[108][2]        ;
; 3:1                ; 8 bits    ; 16 ALUTs      ; 0 ALUTs              ; 16 ALUTs               ; Yes        ; |TopLevel|DataMem:DM1|Core[109][7]        ;
; 3:1                ; 8 bits    ; 16 ALUTs      ; 0 ALUTs              ; 16 ALUTs               ; Yes        ; |TopLevel|DataMem:DM1|Core[110][4]        ;
; 3:1                ; 8 bits    ; 16 ALUTs      ; 0 ALUTs              ; 16 ALUTs               ; Yes        ; |TopLevel|DataMem:DM1|Core[111][3]        ;
; 3:1                ; 8 bits    ; 16 ALUTs      ; 0 ALUTs              ; 16 ALUTs               ; Yes        ; |TopLevel|DataMem:DM1|Core[112][5]        ;
; 3:1                ; 8 bits    ; 16 ALUTs      ; 0 ALUTs              ; 16 ALUTs               ; Yes        ; |TopLevel|DataMem:DM1|Core[113][5]        ;
; 3:1                ; 8 bits    ; 16 ALUTs      ; 0 ALUTs              ; 16 ALUTs               ; Yes        ; |TopLevel|DataMem:DM1|Core[114][5]        ;
; 3:1                ; 8 bits    ; 16 ALUTs      ; 0 ALUTs              ; 16 ALUTs               ; Yes        ; |TopLevel|DataMem:DM1|Core[115][0]        ;
; 3:1                ; 8 bits    ; 16 ALUTs      ; 0 ALUTs              ; 16 ALUTs               ; Yes        ; |TopLevel|DataMem:DM1|Core[116][2]        ;
; 3:1                ; 8 bits    ; 16 ALUTs      ; 0 ALUTs              ; 16 ALUTs               ; Yes        ; |TopLevel|DataMem:DM1|Core[117][5]        ;
; 3:1                ; 8 bits    ; 16 ALUTs      ; 0 ALUTs              ; 16 ALUTs               ; Yes        ; |TopLevel|DataMem:DM1|Core[118][5]        ;
; 3:1                ; 8 bits    ; 16 ALUTs      ; 0 ALUTs              ; 16 ALUTs               ; Yes        ; |TopLevel|DataMem:DM1|Core[119][5]        ;
; 3:1                ; 8 bits    ; 16 ALUTs      ; 0 ALUTs              ; 16 ALUTs               ; Yes        ; |TopLevel|DataMem:DM1|Core[120][5]        ;
; 3:1                ; 8 bits    ; 16 ALUTs      ; 0 ALUTs              ; 16 ALUTs               ; Yes        ; |TopLevel|DataMem:DM1|Core[121][5]        ;
; 3:1                ; 8 bits    ; 16 ALUTs      ; 0 ALUTs              ; 16 ALUTs               ; Yes        ; |TopLevel|DataMem:DM1|Core[122][5]        ;
; 3:1                ; 8 bits    ; 16 ALUTs      ; 0 ALUTs              ; 16 ALUTs               ; Yes        ; |TopLevel|DataMem:DM1|Core[123][3]        ;
; 3:1                ; 8 bits    ; 16 ALUTs      ; 0 ALUTs              ; 16 ALUTs               ; Yes        ; |TopLevel|DataMem:DM1|Core[124][2]        ;
; 3:1                ; 8 bits    ; 16 ALUTs      ; 0 ALUTs              ; 16 ALUTs               ; Yes        ; |TopLevel|DataMem:DM1|Core[125][7]        ;
; 3:1                ; 8 bits    ; 16 ALUTs      ; 0 ALUTs              ; 16 ALUTs               ; Yes        ; |TopLevel|DataMem:DM1|Core[126][7]        ;
; 3:1                ; 8 bits    ; 16 ALUTs      ; 0 ALUTs              ; 16 ALUTs               ; Yes        ; |TopLevel|DataMem:DM1|Core[127][2]        ;
; 3:1                ; 8 bits    ; 16 ALUTs      ; 0 ALUTs              ; 16 ALUTs               ; Yes        ; |TopLevel|DataMem:DM1|Core[128][0]        ;
; 3:1                ; 8 bits    ; 16 ALUTs      ; 0 ALUTs              ; 16 ALUTs               ; Yes        ; |TopLevel|DataMem:DM1|Core[129][5]        ;
; 3:1                ; 8 bits    ; 16 ALUTs      ; 0 ALUTs              ; 16 ALUTs               ; Yes        ; |TopLevel|DataMem:DM1|Core[130][5]        ;
; 3:1                ; 8 bits    ; 16 ALUTs      ; 0 ALUTs              ; 16 ALUTs               ; Yes        ; |TopLevel|DataMem:DM1|Core[131][5]        ;
; 3:1                ; 8 bits    ; 16 ALUTs      ; 0 ALUTs              ; 16 ALUTs               ; Yes        ; |TopLevel|DataMem:DM1|Core[132][5]        ;
; 3:1                ; 8 bits    ; 16 ALUTs      ; 0 ALUTs              ; 16 ALUTs               ; Yes        ; |TopLevel|DataMem:DM1|Core[133][5]        ;
; 3:1                ; 8 bits    ; 16 ALUTs      ; 0 ALUTs              ; 16 ALUTs               ; Yes        ; |TopLevel|DataMem:DM1|Core[134][5]        ;
; 3:1                ; 8 bits    ; 16 ALUTs      ; 0 ALUTs              ; 16 ALUTs               ; Yes        ; |TopLevel|DataMem:DM1|Core[135][7]        ;
; 3:1                ; 8 bits    ; 16 ALUTs      ; 0 ALUTs              ; 16 ALUTs               ; Yes        ; |TopLevel|DataMem:DM1|Core[136][2]        ;
; 3:1                ; 8 bits    ; 16 ALUTs      ; 0 ALUTs              ; 16 ALUTs               ; Yes        ; |TopLevel|DataMem:DM1|Core[137][0]        ;
; 3:1                ; 8 bits    ; 16 ALUTs      ; 0 ALUTs              ; 16 ALUTs               ; Yes        ; |TopLevel|DataMem:DM1|Core[138][3]        ;
; 3:1                ; 8 bits    ; 16 ALUTs      ; 0 ALUTs              ; 16 ALUTs               ; Yes        ; |TopLevel|DataMem:DM1|Core[139][4]        ;
; 3:1                ; 8 bits    ; 16 ALUTs      ; 0 ALUTs              ; 16 ALUTs               ; Yes        ; |TopLevel|DataMem:DM1|Core[140][2]        ;
; 3:1                ; 8 bits    ; 16 ALUTs      ; 0 ALUTs              ; 16 ALUTs               ; Yes        ; |TopLevel|DataMem:DM1|Core[141][2]        ;
; 3:1                ; 8 bits    ; 16 ALUTs      ; 0 ALUTs              ; 16 ALUTs               ; Yes        ; |TopLevel|DataMem:DM1|Core[142][3]        ;
; 3:1                ; 8 bits    ; 16 ALUTs      ; 0 ALUTs              ; 16 ALUTs               ; Yes        ; |TopLevel|DataMem:DM1|Core[143][5]        ;
; 3:1                ; 8 bits    ; 16 ALUTs      ; 0 ALUTs              ; 16 ALUTs               ; Yes        ; |TopLevel|DataMem:DM1|Core[144][5]        ;
; 3:1                ; 8 bits    ; 16 ALUTs      ; 0 ALUTs              ; 16 ALUTs               ; Yes        ; |TopLevel|DataMem:DM1|Core[145][5]        ;
; 3:1                ; 8 bits    ; 16 ALUTs      ; 0 ALUTs              ; 16 ALUTs               ; Yes        ; |TopLevel|DataMem:DM1|Core[146][5]        ;
; 3:1                ; 8 bits    ; 16 ALUTs      ; 0 ALUTs              ; 16 ALUTs               ; Yes        ; |TopLevel|DataMem:DM1|Core[147][5]        ;
; 3:1                ; 8 bits    ; 16 ALUTs      ; 0 ALUTs              ; 16 ALUTs               ; Yes        ; |TopLevel|DataMem:DM1|Core[148][3]        ;
; 3:1                ; 8 bits    ; 16 ALUTs      ; 0 ALUTs              ; 16 ALUTs               ; Yes        ; |TopLevel|DataMem:DM1|Core[149][5]        ;
; 3:1                ; 8 bits    ; 16 ALUTs      ; 0 ALUTs              ; 16 ALUTs               ; Yes        ; |TopLevel|DataMem:DM1|Core[150][5]        ;
; 3:1                ; 8 bits    ; 16 ALUTs      ; 0 ALUTs              ; 16 ALUTs               ; Yes        ; |TopLevel|DataMem:DM1|Core[151][5]        ;
; 3:1                ; 8 bits    ; 16 ALUTs      ; 0 ALUTs              ; 16 ALUTs               ; Yes        ; |TopLevel|DataMem:DM1|Core[152][4]        ;
; 3:1                ; 8 bits    ; 16 ALUTs      ; 0 ALUTs              ; 16 ALUTs               ; Yes        ; |TopLevel|DataMem:DM1|Core[153][0]        ;
; 3:1                ; 8 bits    ; 16 ALUTs      ; 0 ALUTs              ; 16 ALUTs               ; Yes        ; |TopLevel|DataMem:DM1|Core[154][3]        ;
; 3:1                ; 8 bits    ; 16 ALUTs      ; 0 ALUTs              ; 16 ALUTs               ; Yes        ; |TopLevel|DataMem:DM1|Core[155][5]        ;
; 3:1                ; 8 bits    ; 16 ALUTs      ; 0 ALUTs              ; 16 ALUTs               ; Yes        ; |TopLevel|DataMem:DM1|Core[156][5]        ;
; 3:1                ; 8 bits    ; 16 ALUTs      ; 0 ALUTs              ; 16 ALUTs               ; Yes        ; |TopLevel|DataMem:DM1|Core[157][2]        ;
; 3:1                ; 8 bits    ; 16 ALUTs      ; 0 ALUTs              ; 16 ALUTs               ; Yes        ; |TopLevel|DataMem:DM1|Core[158][0]        ;
; 3:1                ; 8 bits    ; 16 ALUTs      ; 0 ALUTs              ; 16 ALUTs               ; Yes        ; |TopLevel|DataMem:DM1|Core[159][2]        ;
; 3:1                ; 8 bits    ; 16 ALUTs      ; 0 ALUTs              ; 16 ALUTs               ; Yes        ; |TopLevel|DataMem:DM1|Core[160][5]        ;
; 3:1                ; 8 bits    ; 16 ALUTs      ; 0 ALUTs              ; 16 ALUTs               ; Yes        ; |TopLevel|DataMem:DM1|Core[161][1]        ;
; 3:1                ; 8 bits    ; 16 ALUTs      ; 0 ALUTs              ; 16 ALUTs               ; Yes        ; |TopLevel|DataMem:DM1|Core[162][5]        ;
; 3:1                ; 8 bits    ; 16 ALUTs      ; 0 ALUTs              ; 16 ALUTs               ; Yes        ; |TopLevel|DataMem:DM1|Core[163][0]        ;
; 3:1                ; 8 bits    ; 16 ALUTs      ; 0 ALUTs              ; 16 ALUTs               ; Yes        ; |TopLevel|DataMem:DM1|Core[164][0]        ;
; 3:1                ; 8 bits    ; 16 ALUTs      ; 0 ALUTs              ; 16 ALUTs               ; Yes        ; |TopLevel|DataMem:DM1|Core[165][0]        ;
; 3:1                ; 8 bits    ; 16 ALUTs      ; 0 ALUTs              ; 16 ALUTs               ; Yes        ; |TopLevel|DataMem:DM1|Core[166][1]        ;
; 3:1                ; 8 bits    ; 16 ALUTs      ; 0 ALUTs              ; 16 ALUTs               ; Yes        ; |TopLevel|DataMem:DM1|Core[167][7]        ;
; 3:1                ; 8 bits    ; 16 ALUTs      ; 0 ALUTs              ; 16 ALUTs               ; Yes        ; |TopLevel|DataMem:DM1|Core[168][3]        ;
; 3:1                ; 8 bits    ; 16 ALUTs      ; 0 ALUTs              ; 16 ALUTs               ; Yes        ; |TopLevel|DataMem:DM1|Core[169][6]        ;
; 3:1                ; 8 bits    ; 16 ALUTs      ; 0 ALUTs              ; 16 ALUTs               ; Yes        ; |TopLevel|DataMem:DM1|Core[170][0]        ;
; 3:1                ; 8 bits    ; 16 ALUTs      ; 0 ALUTs              ; 16 ALUTs               ; Yes        ; |TopLevel|DataMem:DM1|Core[171][0]        ;
; 3:1                ; 8 bits    ; 16 ALUTs      ; 0 ALUTs              ; 16 ALUTs               ; Yes        ; |TopLevel|DataMem:DM1|Core[172][2]        ;
; 3:1                ; 8 bits    ; 16 ALUTs      ; 0 ALUTs              ; 16 ALUTs               ; Yes        ; |TopLevel|DataMem:DM1|Core[173][0]        ;
; 3:1                ; 8 bits    ; 16 ALUTs      ; 0 ALUTs              ; 16 ALUTs               ; Yes        ; |TopLevel|DataMem:DM1|Core[174][4]        ;
; 3:1                ; 8 bits    ; 16 ALUTs      ; 0 ALUTs              ; 16 ALUTs               ; Yes        ; |TopLevel|DataMem:DM1|Core[175][4]        ;
; 3:1                ; 8 bits    ; 16 ALUTs      ; 0 ALUTs              ; 16 ALUTs               ; Yes        ; |TopLevel|DataMem:DM1|Core[176][2]        ;
; 3:1                ; 8 bits    ; 16 ALUTs      ; 0 ALUTs              ; 16 ALUTs               ; Yes        ; |TopLevel|DataMem:DM1|Core[177][4]        ;
; 3:1                ; 8 bits    ; 16 ALUTs      ; 0 ALUTs              ; 16 ALUTs               ; Yes        ; |TopLevel|DataMem:DM1|Core[178][6]        ;
; 3:1                ; 8 bits    ; 16 ALUTs      ; 0 ALUTs              ; 16 ALUTs               ; Yes        ; |TopLevel|DataMem:DM1|Core[179][4]        ;
; 3:1                ; 8 bits    ; 16 ALUTs      ; 0 ALUTs              ; 16 ALUTs               ; Yes        ; |TopLevel|DataMem:DM1|Core[180][7]        ;
; 3:1                ; 8 bits    ; 16 ALUTs      ; 0 ALUTs              ; 16 ALUTs               ; Yes        ; |TopLevel|DataMem:DM1|Core[181][2]        ;
; 3:1                ; 8 bits    ; 16 ALUTs      ; 0 ALUTs              ; 16 ALUTs               ; Yes        ; |TopLevel|DataMem:DM1|Core[182][4]        ;
; 3:1                ; 8 bits    ; 16 ALUTs      ; 0 ALUTs              ; 16 ALUTs               ; Yes        ; |TopLevel|DataMem:DM1|Core[183][0]        ;
; 3:1                ; 8 bits    ; 16 ALUTs      ; 0 ALUTs              ; 16 ALUTs               ; Yes        ; |TopLevel|DataMem:DM1|Core[184][2]        ;
; 3:1                ; 8 bits    ; 16 ALUTs      ; 0 ALUTs              ; 16 ALUTs               ; Yes        ; |TopLevel|DataMem:DM1|Core[185][0]        ;
; 3:1                ; 8 bits    ; 16 ALUTs      ; 0 ALUTs              ; 16 ALUTs               ; Yes        ; |TopLevel|DataMem:DM1|Core[186][2]        ;
; 3:1                ; 8 bits    ; 16 ALUTs      ; 0 ALUTs              ; 16 ALUTs               ; Yes        ; |TopLevel|DataMem:DM1|Core[187][4]        ;
; 3:1                ; 8 bits    ; 16 ALUTs      ; 0 ALUTs              ; 16 ALUTs               ; Yes        ; |TopLevel|DataMem:DM1|Core[188][5]        ;
; 3:1                ; 8 bits    ; 16 ALUTs      ; 0 ALUTs              ; 16 ALUTs               ; Yes        ; |TopLevel|DataMem:DM1|Core[189][5]        ;
; 3:1                ; 8 bits    ; 16 ALUTs      ; 0 ALUTs              ; 16 ALUTs               ; Yes        ; |TopLevel|DataMem:DM1|Core[190][5]        ;
; 3:1                ; 8 bits    ; 16 ALUTs      ; 0 ALUTs              ; 16 ALUTs               ; Yes        ; |TopLevel|DataMem:DM1|Core[191][3]        ;
; 3:1                ; 8 bits    ; 16 ALUTs      ; 0 ALUTs              ; 16 ALUTs               ; Yes        ; |TopLevel|DataMem:DM1|Core[192][0]        ;
; 3:1                ; 8 bits    ; 16 ALUTs      ; 0 ALUTs              ; 16 ALUTs               ; Yes        ; |TopLevel|DataMem:DM1|Core[193][6]        ;
; 3:1                ; 8 bits    ; 16 ALUTs      ; 0 ALUTs              ; 16 ALUTs               ; Yes        ; |TopLevel|DataMem:DM1|Core[194][1]        ;
; 3:1                ; 8 bits    ; 16 ALUTs      ; 0 ALUTs              ; 16 ALUTs               ; Yes        ; |TopLevel|DataMem:DM1|Core[195][5]        ;
; 3:1                ; 8 bits    ; 16 ALUTs      ; 0 ALUTs              ; 16 ALUTs               ; Yes        ; |TopLevel|DataMem:DM1|Core[196][5]        ;
; 3:1                ; 8 bits    ; 16 ALUTs      ; 0 ALUTs              ; 16 ALUTs               ; Yes        ; |TopLevel|DataMem:DM1|Core[197][5]        ;
; 3:1                ; 8 bits    ; 16 ALUTs      ; 0 ALUTs              ; 16 ALUTs               ; Yes        ; |TopLevel|DataMem:DM1|Core[198][1]        ;
; 3:1                ; 8 bits    ; 16 ALUTs      ; 0 ALUTs              ; 16 ALUTs               ; Yes        ; |TopLevel|DataMem:DM1|Core[199][2]        ;
; 3:1                ; 8 bits    ; 16 ALUTs      ; 0 ALUTs              ; 16 ALUTs               ; Yes        ; |TopLevel|DataMem:DM1|Core[200][1]        ;
; 3:1                ; 8 bits    ; 16 ALUTs      ; 0 ALUTs              ; 16 ALUTs               ; Yes        ; |TopLevel|DataMem:DM1|Core[201][6]        ;
; 3:1                ; 8 bits    ; 16 ALUTs      ; 0 ALUTs              ; 16 ALUTs               ; Yes        ; |TopLevel|DataMem:DM1|Core[202][1]        ;
; 3:1                ; 8 bits    ; 16 ALUTs      ; 0 ALUTs              ; 16 ALUTs               ; Yes        ; |TopLevel|DataMem:DM1|Core[203][1]        ;
; 3:1                ; 8 bits    ; 16 ALUTs      ; 0 ALUTs              ; 16 ALUTs               ; Yes        ; |TopLevel|DataMem:DM1|Core[204][1]        ;
; 3:1                ; 8 bits    ; 16 ALUTs      ; 0 ALUTs              ; 16 ALUTs               ; Yes        ; |TopLevel|DataMem:DM1|Core[205][1]        ;
; 3:1                ; 8 bits    ; 16 ALUTs      ; 0 ALUTs              ; 16 ALUTs               ; Yes        ; |TopLevel|DataMem:DM1|Core[206][1]        ;
; 3:1                ; 8 bits    ; 16 ALUTs      ; 0 ALUTs              ; 16 ALUTs               ; Yes        ; |TopLevel|DataMem:DM1|Core[207][1]        ;
; 3:1                ; 8 bits    ; 16 ALUTs      ; 0 ALUTs              ; 16 ALUTs               ; Yes        ; |TopLevel|DataMem:DM1|Core[208][2]        ;
; 3:1                ; 8 bits    ; 16 ALUTs      ; 0 ALUTs              ; 16 ALUTs               ; Yes        ; |TopLevel|DataMem:DM1|Core[209][4]        ;
; 3:1                ; 8 bits    ; 16 ALUTs      ; 0 ALUTs              ; 16 ALUTs               ; Yes        ; |TopLevel|DataMem:DM1|Core[210][7]        ;
; 3:1                ; 8 bits    ; 16 ALUTs      ; 0 ALUTs              ; 16 ALUTs               ; Yes        ; |TopLevel|DataMem:DM1|Core[211][1]        ;
; 3:1                ; 8 bits    ; 16 ALUTs      ; 0 ALUTs              ; 16 ALUTs               ; Yes        ; |TopLevel|DataMem:DM1|Core[212][5]        ;
; 3:1                ; 8 bits    ; 16 ALUTs      ; 0 ALUTs              ; 16 ALUTs               ; Yes        ; |TopLevel|DataMem:DM1|Core[213][1]        ;
; 3:1                ; 8 bits    ; 16 ALUTs      ; 0 ALUTs              ; 16 ALUTs               ; Yes        ; |TopLevel|DataMem:DM1|Core[214][6]        ;
; 3:1                ; 8 bits    ; 16 ALUTs      ; 0 ALUTs              ; 16 ALUTs               ; Yes        ; |TopLevel|DataMem:DM1|Core[215][7]        ;
; 3:1                ; 8 bits    ; 16 ALUTs      ; 0 ALUTs              ; 16 ALUTs               ; Yes        ; |TopLevel|DataMem:DM1|Core[216][3]        ;
; 3:1                ; 8 bits    ; 16 ALUTs      ; 0 ALUTs              ; 16 ALUTs               ; Yes        ; |TopLevel|DataMem:DM1|Core[217][0]        ;
; 3:1                ; 8 bits    ; 16 ALUTs      ; 0 ALUTs              ; 16 ALUTs               ; Yes        ; |TopLevel|DataMem:DM1|Core[218][2]        ;
; 3:1                ; 8 bits    ; 16 ALUTs      ; 0 ALUTs              ; 16 ALUTs               ; Yes        ; |TopLevel|DataMem:DM1|Core[219][4]        ;
; 3:1                ; 8 bits    ; 16 ALUTs      ; 0 ALUTs              ; 16 ALUTs               ; Yes        ; |TopLevel|DataMem:DM1|Core[220][3]        ;
; 3:1                ; 8 bits    ; 16 ALUTs      ; 0 ALUTs              ; 16 ALUTs               ; Yes        ; |TopLevel|DataMem:DM1|Core[221][6]        ;
; 3:1                ; 8 bits    ; 16 ALUTs      ; 0 ALUTs              ; 16 ALUTs               ; Yes        ; |TopLevel|DataMem:DM1|Core[222][6]        ;
; 3:1                ; 8 bits    ; 16 ALUTs      ; 0 ALUTs              ; 16 ALUTs               ; Yes        ; |TopLevel|DataMem:DM1|Core[223][6]        ;
; 3:1                ; 8 bits    ; 16 ALUTs      ; 0 ALUTs              ; 16 ALUTs               ; Yes        ; |TopLevel|DataMem:DM1|Core[224][6]        ;
; 3:1                ; 8 bits    ; 16 ALUTs      ; 0 ALUTs              ; 16 ALUTs               ; Yes        ; |TopLevel|DataMem:DM1|Core[225][0]        ;
; 3:1                ; 8 bits    ; 16 ALUTs      ; 0 ALUTs              ; 16 ALUTs               ; Yes        ; |TopLevel|DataMem:DM1|Core[226][0]        ;
; 3:1                ; 8 bits    ; 16 ALUTs      ; 0 ALUTs              ; 16 ALUTs               ; Yes        ; |TopLevel|DataMem:DM1|Core[227][0]        ;
; 3:1                ; 8 bits    ; 16 ALUTs      ; 0 ALUTs              ; 16 ALUTs               ; Yes        ; |TopLevel|DataMem:DM1|Core[228][6]        ;
; 3:1                ; 8 bits    ; 16 ALUTs      ; 0 ALUTs              ; 16 ALUTs               ; Yes        ; |TopLevel|DataMem:DM1|Core[229][2]        ;
; 3:1                ; 8 bits    ; 16 ALUTs      ; 0 ALUTs              ; 16 ALUTs               ; Yes        ; |TopLevel|DataMem:DM1|Core[230][3]        ;
; 3:1                ; 8 bits    ; 16 ALUTs      ; 0 ALUTs              ; 16 ALUTs               ; Yes        ; |TopLevel|DataMem:DM1|Core[231][3]        ;
; 3:1                ; 8 bits    ; 16 ALUTs      ; 0 ALUTs              ; 16 ALUTs               ; Yes        ; |TopLevel|DataMem:DM1|Core[232][1]        ;
; 3:1                ; 8 bits    ; 16 ALUTs      ; 0 ALUTs              ; 16 ALUTs               ; Yes        ; |TopLevel|DataMem:DM1|Core[233][0]        ;
; 3:1                ; 8 bits    ; 16 ALUTs      ; 0 ALUTs              ; 16 ALUTs               ; Yes        ; |TopLevel|DataMem:DM1|Core[234][7]        ;
; 3:1                ; 8 bits    ; 16 ALUTs      ; 0 ALUTs              ; 16 ALUTs               ; Yes        ; |TopLevel|DataMem:DM1|Core[235][7]        ;
; 3:1                ; 8 bits    ; 16 ALUTs      ; 0 ALUTs              ; 16 ALUTs               ; Yes        ; |TopLevel|DataMem:DM1|Core[236][5]        ;
; 3:1                ; 8 bits    ; 16 ALUTs      ; 0 ALUTs              ; 16 ALUTs               ; Yes        ; |TopLevel|DataMem:DM1|Core[237][5]        ;
; 3:1                ; 8 bits    ; 16 ALUTs      ; 0 ALUTs              ; 16 ALUTs               ; Yes        ; |TopLevel|DataMem:DM1|Core[238][5]        ;
; 3:1                ; 8 bits    ; 16 ALUTs      ; 0 ALUTs              ; 16 ALUTs               ; Yes        ; |TopLevel|DataMem:DM1|Core[239][3]        ;
; 3:1                ; 8 bits    ; 16 ALUTs      ; 0 ALUTs              ; 16 ALUTs               ; Yes        ; |TopLevel|DataMem:DM1|Core[240][1]        ;
; 3:1                ; 8 bits    ; 16 ALUTs      ; 0 ALUTs              ; 16 ALUTs               ; Yes        ; |TopLevel|DataMem:DM1|Core[241][4]        ;
; 3:1                ; 8 bits    ; 16 ALUTs      ; 0 ALUTs              ; 16 ALUTs               ; Yes        ; |TopLevel|DataMem:DM1|Core[242][4]        ;
; 3:1                ; 8 bits    ; 16 ALUTs      ; 0 ALUTs              ; 16 ALUTs               ; Yes        ; |TopLevel|DataMem:DM1|Core[243][1]        ;
; 3:1                ; 2 bits    ; 4 ALUTs       ; 2 ALUTs              ; 2 ALUTs                ; Yes        ; |TopLevel|DataMem:DM1|Core[244][2]        ;
; 3:1                ; 6 bits    ; 12 ALUTs      ; 6 ALUTs              ; 6 ALUTs                ; Yes        ; |TopLevel|DataMem:DM1|Core[244][5]        ;
; 3:1                ; 8 bits    ; 16 ALUTs      ; 0 ALUTs              ; 16 ALUTs               ; Yes        ; |TopLevel|DataMem:DM1|Core[245][3]        ;
; 3:1                ; 8 bits    ; 16 ALUTs      ; 0 ALUTs              ; 16 ALUTs               ; Yes        ; |TopLevel|DataMem:DM1|Core[246][6]        ;
; 3:1                ; 8 bits    ; 16 ALUTs      ; 0 ALUTs              ; 16 ALUTs               ; Yes        ; |TopLevel|DataMem:DM1|Core[247][6]        ;
; 3:1                ; 8 bits    ; 16 ALUTs      ; 0 ALUTs              ; 16 ALUTs               ; Yes        ; |TopLevel|DataMem:DM1|Core[248][1]        ;
; 3:1                ; 8 bits    ; 16 ALUTs      ; 0 ALUTs              ; 16 ALUTs               ; Yes        ; |TopLevel|DataMem:DM1|Core[249][6]        ;
; 3:1                ; 8 bits    ; 16 ALUTs      ; 0 ALUTs              ; 16 ALUTs               ; Yes        ; |TopLevel|DataMem:DM1|Core[250][0]        ;
; 3:1                ; 8 bits    ; 16 ALUTs      ; 0 ALUTs              ; 16 ALUTs               ; Yes        ; |TopLevel|DataMem:DM1|Core[251][2]        ;
; 3:1                ; 8 bits    ; 16 ALUTs      ; 0 ALUTs              ; 16 ALUTs               ; Yes        ; |TopLevel|DataMem:DM1|Core[252][5]        ;
; 3:1                ; 8 bits    ; 16 ALUTs      ; 0 ALUTs              ; 16 ALUTs               ; Yes        ; |TopLevel|DataMem:DM1|Core[253][0]        ;
; 3:1                ; 8 bits    ; 16 ALUTs      ; 0 ALUTs              ; 16 ALUTs               ; Yes        ; |TopLevel|DataMem:DM1|Core[254][7]        ;
; 3:1                ; 8 bits    ; 16 ALUTs      ; 0 ALUTs              ; 16 ALUTs               ; Yes        ; |TopLevel|DataMem:DM1|Core[255][1]        ;
; 4:1                ; 10 bits   ; 20 ALUTs      ; 10 ALUTs             ; 10 ALUTs               ; Yes        ; |TopLevel|InstFetch:InstFetch1|ProgCtr[3] ;
; 16:1               ; 8 bits    ; 80 ALUTs      ; 80 ALUTs             ; 0 ALUTs                ; No         ; |TopLevel|RegFile:RF1|Mux7                ;
; 10:1               ; 7 bits    ; 42 ALUTs      ; 42 ALUTs             ; 0 ALUTs                ; No         ; |TopLevel|RegWriteValue[7]                ;
; 257:1              ; 8 bits    ; 1368 ALUTs    ; 1368 ALUTs           ; 0 ALUTs                ; No         ; |TopLevel|LoadValue[0]                    ;
; 15:1               ; 8 bits    ; 80 ALUTs      ; 80 ALUTs             ; 0 ALUTs                ; No         ; |TopLevel|RegFile:RF1|Mux8                ;
+--------------------+-----------+---------------+----------------------+------------------------+------------+-------------------------------------------+


+---------------------------------------------------------------+
; Parameter Settings for User Entity Instance: InstROM:InstROM1 ;
+----------------+-------+--------------------------------------+
; Parameter Name ; Value ; Type                                 ;
+----------------+-------+--------------------------------------+
; A              ; 10    ; Signed Integer                       ;
; W              ; 9     ; Signed Integer                       ;
+----------------+-------+--------------------------------------+
Note: In order to hide this table in the UI and the text report file, please set the "Show Parameter Settings in Synthesis Report" option in "Analysis and Synthesis Settings -> More Settings" to "Off".


+----------------------------------------------------------+
; Parameter Settings for User Entity Instance: RegFile:RF1 ;
+----------------+-------+---------------------------------+
; Parameter Name ; Value ; Type                            ;
+----------------+-------+---------------------------------+
; W              ; 8     ; Signed Integer                  ;
; D              ; 4     ; Signed Integer                  ;
+----------------+-------+---------------------------------+
Note: In order to hide this table in the UI and the text report file, please set the "Show Parameter Settings in Synthesis Report" option in "Analysis and Synthesis Settings -> More Settings" to "Off".


+-----------------------------------------------------+
; Post-Synthesis Netlist Statistics for Top Partition ;
+-----------------------+-----------------------------+
; Type                  ; Count                       ;
+-----------------------+-----------------------------+
; arriaii_ff            ; 2098                        ;
;     ENA               ; 39                          ;
;     ENA SCLR          ; 2042                        ;
;     ENA SLD           ; 16                          ;
;     SCLR              ; 1                           ;
; boundary_port         ; 4                           ;
; stratixiv_lcell_comb  ; 1241                        ;
;     arith             ; 28                          ;
;         0 data inputs ; 2                           ;
;         1 data inputs ; 10                          ;
;         5 data inputs ; 16                          ;
;     normal            ; 1213                        ;
;         2 data inputs ; 40                          ;
;         3 data inputs ; 274                         ;
;         4 data inputs ; 137                         ;
;         5 data inputs ; 29                          ;
;         6 data inputs ; 733                         ;
;                       ;                             ;
; Max LUT depth         ; 11.00                       ;
; Average LUT depth     ; 7.28                        ;
+-----------------------+-----------------------------+


+-------------------------------+
; Elapsed Time Per Partition    ;
+----------------+--------------+
; Partition Name ; Elapsed Time ;
+----------------+--------------+
; Top            ; 00:00:05     ;
+----------------+--------------+


+-------------------------------+
; Analysis & Synthesis Messages ;
+-------------------------------+
Info: *******************************************************************
Info: Running Quartus Prime Analysis & Synthesis
    Info: Version 18.1.0 Build 625 09/12/2018 SJ Lite Edition
    Info: Processing started: Sat Mar 20 11:11:16 2021
Info: Command: quartus_map --read_settings_files=on --write_settings_files=off TopLevel -c TopLevel
Warning (18236): Number of processors has not been specified which may cause overloading on shared machines.  Set the global assignment NUM_PARALLEL_PROCESSORS in your QSF to an appropriate value for best performance.
Info (20030): Parallel compilation is enabled and will use 6 of the 6 processors detected
Info (12021): Found 1 design units, including 1 entities, in source file toplevel_tb.sv
    Info (12023): Found entity 1: TopLevel_tb File: C:/Users/Xavie/Projects/CSE-141L/Lab2/TopLevel_tb.sv Line: 8
Info (12021): Found 1 design units, including 1 entities, in source file toplevel.sv
    Info (12023): Found entity 1: TopLevel File: C:/Users/Xavie/Projects/CSE-141L/Lab2/TopLevel.sv Line: 6
Info (12021): Found 1 design units, including 1 entities, in source file regfile.sv
    Info (12023): Found entity 1: RegFile File: C:/Users/Xavie/Projects/CSE-141L/Lab2/RegFile.sv Line: 13
Info (12021): Found 1 design units, including 1 entities, in source file lut_imm.sv
    Info (12023): Found entity 1: LUT_Imm File: C:/Users/Xavie/Projects/CSE-141L/Lab2/LUT_Imm.sv Line: 2
Info (12021): Found 1 design units, including 1 entities, in source file lut_add.sv
    Info (12023): Found entity 1: LUT_Add File: C:/Users/Xavie/Projects/CSE-141L/Lab2/LUT_Add.sv Line: 2
Info (12021): Found 1 design units, including 1 entities, in source file instrom.sv
    Info (12023): Found entity 1: InstROM File: C:/Users/Xavie/Projects/CSE-141L/Lab2/InstROM.sv Line: 11
Info (12021): Found 1 design units, including 1 entities, in source file instfetch.sv
    Info (12023): Found entity 1: InstFetch File: C:/Users/Xavie/Projects/CSE-141L/Lab2/InstFetch.sv Line: 8
Info (12021): Found 1 design units, including 0 entities, in source file definitions.sv
    Info (12022): Found design unit 1: definitions (SystemVerilog) File: C:/Users/Xavie/Projects/CSE-141L/Lab2/Definitions.sv Line: 3
Info (12021): Found 1 design units, including 1 entities, in source file datamem.sv
    Info (12023): Found entity 1: DataMem File: C:/Users/Xavie/Projects/CSE-141L/Lab2/DataMem.sv Line: 6
Info (12021): Found 1 design units, including 1 entities, in source file ctrl.sv
    Info (12023): Found entity 1: Ctrl File: C:/Users/Xavie/Projects/CSE-141L/Lab2/Ctrl.sv Line: 7
Info (12021): Found 1 design units, including 1 entities, in source file alu_tb.sv
    Info (12023): Found entity 1: ALU_tb File: C:/Users/Xavie/Projects/CSE-141L/Lab2/ALU_tb.sv Line: 7
Info (12021): Found 1 design units, including 1 entities, in source file alu.sv
    Info (12023): Found entity 1: ALU File: C:/Users/Xavie/Projects/CSE-141L/Lab2/ALU.sv Line: 8
Info (12127): Elaborating entity "TopLevel" for the top level hierarchy
Info (12128): Elaborating entity "InstFetch" for hierarchy "InstFetch:InstFetch1" File: C:/Users/Xavie/Projects/CSE-141L/Lab2/TopLevel.sv Line: 71
Warning (10230): Verilog HDL assignment warning at InstFetch.sv(30): truncated value with size 32 to match size of target (10) File: C:/Users/Xavie/Projects/CSE-141L/Lab2/InstFetch.sv Line: 30
Info (12128): Elaborating entity "Ctrl" for hierarchy "Ctrl:Ctrl1" File: C:/Users/Xavie/Projects/CSE-141L/Lab2/TopLevel.sv Line: 86
Info (12128): Elaborating entity "InstROM" for hierarchy "InstROM:InstROM1" File: C:/Users/Xavie/Projects/CSE-141L/Lab2/TopLevel.sv Line: 92
Warning (10850): Verilog HDL warning at InstROM.sv(44): number of words (6) in memory file does not match the number of elements in the address range [0:1023] File: C:/Users/Xavie/Projects/CSE-141L/Lab2/InstROM.sv Line: 44
Warning (10030): Net "inst_rom.data_a" at InstROM.sv(39) has no driver or initial value, using a default initial value '0' File: C:/Users/Xavie/Projects/CSE-141L/Lab2/InstROM.sv Line: 39
Warning (10030): Net "inst_rom.waddr_a" at InstROM.sv(39) has no driver or initial value, using a default initial value '0' File: C:/Users/Xavie/Projects/CSE-141L/Lab2/InstROM.sv Line: 39
Warning (10030): Net "inst_rom.we_a" at InstROM.sv(39) has no driver or initial value, using a default initial value '0' File: C:/Users/Xavie/Projects/CSE-141L/Lab2/InstROM.sv Line: 39
Info (12128): Elaborating entity "RegFile" for hierarchy "RegFile:RF1" File: C:/Users/Xavie/Projects/CSE-141L/Lab2/TopLevel.sv Line: 110
Warning (10027): Verilog HDL or VHDL warning at the RegFile.sv(40): index expression is not wide enough to address all of the elements in the array File: C:/Users/Xavie/Projects/CSE-141L/Lab2/RegFile.sv Line: 40
Warning (10027): Verilog HDL or VHDL warning at the RegFile.sv(61): index expression is not wide enough to address all of the elements in the array File: C:/Users/Xavie/Projects/CSE-141L/Lab2/RegFile.sv Line: 61
Info (12128): Elaborating entity "ALU" for hierarchy "ALU:ALU1" File: C:/Users/Xavie/Projects/CSE-141L/Lab2/TopLevel.sv Line: 121
Warning (10036): Verilog HDL or VHDL warning at ALU.sv(16): object "op_mnemonic" assigned a value but never read File: C:/Users/Xavie/Projects/CSE-141L/Lab2/ALU.sv Line: 16
Info (12128): Elaborating entity "LUT_Imm" for hierarchy "LUT_Imm:LUT_IMM" File: C:/Users/Xavie/Projects/CSE-141L/Lab2/TopLevel.sv Line: 127
Info (12128): Elaborating entity "LUT_Add" for hierarchy "LUT_Add:LUT_ADD" File: C:/Users/Xavie/Projects/CSE-141L/Lab2/TopLevel.sv Line: 136
Info (12128): Elaborating entity "DataMem" for hierarchy "DataMem:DM1" File: C:/Users/Xavie/Projects/CSE-141L/Lab2/TopLevel.sv Line: 149
Warning (127007): Memory Initialization File or Hexadecimal (Intel-Format) File "C:/Users/Xavie/Projects/CSE-141L/Lab2/db/TopLevel.ram0_InstROM_15efe571.hdl.mif" contains "don't care" values -- overwriting them with 0s
Info (286030): Timing-Driven Synthesis is running
Info (16010): Generating hard_block partition "hard_block:auto_generated_inst"
    Info (16011): Adding 0 node(s), including 0 DDIO, 0 PLL, 0 transceiver and 0 LCELL
Info (21057): Implemented 3303 device resources after synthesis - the final resource count might be different
    Info (21058): Implemented 3 input pins
    Info (21059): Implemented 1 output pins
    Info (21061): Implemented 3299 logic cells
Info: Quartus Prime Analysis & Synthesis was successful. 0 errors, 10 warnings
    Info: Peak virtual memory: 4875 megabytes
    Info: Processing ended: Sat Mar 20 11:11:32 2021
    Info: Elapsed time: 00:00:16
    Info: Total CPU time (on all processors): 00:00:24


